{"contracts/RoyaleProtocol.sol":{"l":{"68":40,"69":40,"74":10,"75":8,"80":6,"81":5,"100":29,"101":28,"102":27,"103":26,"104":25,"105":24,"107":23,"108":23,"110":23,"123":23,"124":23,"126":23,"128":23,"136":3,"137":3,"142":2,"145":2,"146":1,"147":1,"150":2,"158":12,"159":12,"160":11,"165":10,"166":10,"168":10,"185":5,"186":5,"187":4,"192":3,"194":3,"196":3,"204":5,"205":5,"209":4,"211":4,"213":4,"222":9,"246":3,"248":3,"250":3,"251":1,"252":1,"253":1,"255":1,"256":1,"258":2,"259":2,"260":2,"262":0,"263":0,"264":0,"274":2,"283":2,"291":2},"path":"/Users/a2017/Documents/GitHub/Royale-Protocol/contracts/RoyaleProtocol.sol","s":{"1":40,"2":10,"3":6,"4":29,"5":28,"6":27,"7":26,"8":25,"9":24,"10":23,"11":23,"12":23,"13":23,"14":23,"15":23,"16":3,"17":3,"18":2,"19":2,"20":12,"21":12,"22":11,"23":10,"24":5,"25":5,"26":4,"27":3,"28":3,"29":5,"30":5,"31":4,"32":4,"33":9,"34":3,"35":3,"36":1,"37":1,"38":2,"39":2,"40":2,"41":2},"b":{"1":[40,0],"2":[8,2],"3":[5,1],"4":[28,1],"5":[27,1],"6":[26,1],"7":[25,1],"8":[24,1],"9":[23,1],"10":[4,0],"11":[3,1],"12":[2,1],"13":[1,1],"14":[1,1],"15":[12,0],"16":[11,1],"17":[10,1],"18":[6,0],"19":[5,1],"20":[4,1],"21":[3,1],"22":[6,0],"23":[5,1],"24":[4,1],"25":[3,1],"26":[4,0],"27":[9,0],"28":[3,0],"29":[1,2],"30":[1,0],"31":[2,0]},"f":{"1":40,"2":10,"3":6,"4":29,"5":3,"6":12,"7":5,"8":5,"9":9,"10":3,"11":2,"12":2,"13":2},"fnMap":{"1":{"name":"vaultExists","line":67,"loc":{"start":{"line":67,"column":4},"end":{"line":70,"column":4}}},"2":{"name":"onlyOwner","line":73,"loc":{"start":{"line":73,"column":4},"end":{"line":76,"column":4}}},"3":{"name":"onlyBeneficiary","line":79,"loc":{"start":{"line":79,"column":4},"end":{"line":82,"column":4}}},"4":{"name":"createVault","line":93,"loc":{"start":{"line":93,"column":4},"end":{"line":129,"column":4}}},"5":{"name":"checkIn","line":135,"loc":{"start":{"line":135,"column":4},"end":{"line":151,"column":4}}},"6":{"name":"triggerRecovery","line":157,"loc":{"start":{"line":157,"column":4},"end":{"line":169,"column":4}}},"7":{"name":"claimInheritance","line":182,"loc":{"start":{"line":177,"column":4},"end":{"line":197,"column":4}}},"8":{"name":"cancelVault","line":203,"loc":{"start":{"line":203,"column":4},"end":{"line":214,"column":4}}},"9":{"name":"getVault","line":221,"loc":{"start":{"line":221,"column":4},"end":{"line":223,"column":4}}},"10":{"name":"getVaultStatus","line":238,"loc":{"start":{"line":233,"column":4},"end":{"line":266,"column":4}}},"11":{"name":"getOwnerVaults","line":273,"loc":{"start":{"line":273,"column":4},"end":{"line":275,"column":4}}},"12":{"name":"getBeneficiaryVaults","line":282,"loc":{"start":{"line":282,"column":4},"end":{"line":284,"column":4}}},"13":{"name":"totalVaults","line":290,"loc":{"start":{"line":290,"column":4},"end":{"line":292,"column":4}}}},"statementMap":{"1":{"start":{"line":68,"column":8},"end":{"line":68,"column":75}},"2":{"start":{"line":74,"column":8},"end":{"line":74,"column":70}},"3":{"start":{"line":80,"column":8},"end":{"line":80,"column":82}},"4":{"start":{"line":100,"column":8},"end":{"line":100,"column":64}},"5":{"start":{"line":101,"column":8},"end":{"line":101,"column":75}},"6":{"start":{"line":102,"column":8},"end":{"line":102,"column":62}},"7":{"start":{"line":103,"column":8},"end":{"line":103,"column":80}},"8":{"start":{"line":104,"column":8},"end":{"line":104,"column":67}},"9":{"start":{"line":105,"column":8},"end":{"line":105,"column":57}},"10":{"start":{"line":107,"column":8},"end":{"line":107,"column":41}},"11":{"start":{"line":108,"column":8},"end":{"line":108,"column":45}},"12":{"start":{"line":123,"column":8},"end":{"line":123,"column":44}},"13":{"start":{"line":124,"column":8},"end":{"line":124,"column":51}},"14":{"start":{"line":126,"column":8},"end":{"line":126,"column":86}},"15":{"start":{"line":128,"column":8},"end":{"line":128,"column":22}},"16":{"start":{"line":136,"column":8},"end":{"line":136,"column":45}},"17":{"start":{"line":137,"column":8},"end":{"line":137,"column":4855}},"18":{"start":{"line":145,"column":8},"end":{"line":145,"column":5109}},"19":{"start":{"line":150,"column":8},"end":{"line":150,"column":58}},"20":{"start":{"line":158,"column":8},"end":{"line":158,"column":45}},"21":{"start":{"line":159,"column":8},"end":{"line":159,"column":70}},"22":{"start":{"line":160,"column":8},"end":{"line":160,"column":5653}},"23":{"start":{"line":168,"column":8},"end":{"line":168,"column":65}},"24":{"start":{"line":185,"column":8},"end":{"line":185,"column":45}},"25":{"start":{"line":186,"column":8},"end":{"line":186,"column":76}},"26":{"start":{"line":187,"column":8},"end":{"line":187,"column":6569}},"27":{"start":{"line":194,"column":8},"end":{"line":194,"column":89}},"28":{"start":{"line":196,"column":8},"end":{"line":196,"column":58}},"29":{"start":{"line":204,"column":8},"end":{"line":204,"column":45}},"30":{"start":{"line":205,"column":8},"end":{"line":205,"column":7184}},"31":{"start":{"line":209,"column":8},"end":{"line":209,"column":70}},"32":{"start":{"line":213,"column":8},"end":{"line":213,"column":48}},"33":{"start":{"line":222,"column":8},"end":{"line":222,"column":30}},"34":{"start":{"line":246,"column":8},"end":{"line":246,"column":44}},"35":{"start":{"line":250,"column":8},"end":{"line":250,"column":8498}},"36":{"start":{"line":251,"column":12},"end":{"line":251,"column":80}},"37":{"start":{"line":252,"column":12},"end":{"line":252,"column":8638}},"38":{"start":{"line":257,"column":15},"end":{"line":257,"column":8865}},"39":{"start":{"line":274,"column":8},"end":{"line":274,"column":33}},"40":{"start":{"line":283,"column":8},"end":{"line":283,"column":45}},"41":{"start":{"line":291,"column":8},"end":{"line":291,"column":28}}},"branchMap":{"1":{"line":68,"type":"if","locations":[{"start":{"line":68,"column":8},"end":{"line":68,"column":8}},{"start":{"line":68,"column":8},"end":{"line":68,"column":8}}]},"2":{"line":74,"type":"if","locations":[{"start":{"line":74,"column":8},"end":{"line":74,"column":8}},{"start":{"line":74,"column":8},"end":{"line":74,"column":8}}]},"3":{"line":80,"type":"if","locations":[{"start":{"line":80,"column":8},"end":{"line":80,"column":8}},{"start":{"line":80,"column":8},"end":{"line":80,"column":8}}]},"4":{"line":100,"type":"if","locations":[{"start":{"line":100,"column":8},"end":{"line":100,"column":8}},{"start":{"line":100,"column":8},"end":{"line":100,"column":8}}]},"5":{"line":101,"type":"if","locations":[{"start":{"line":101,"column":8},"end":{"line":101,"column":8}},{"start":{"line":101,"column":8},"end":{"line":101,"column":8}}]},"6":{"line":102,"type":"if","locations":[{"start":{"line":102,"column":8},"end":{"line":102,"column":8}},{"start":{"line":102,"column":8},"end":{"line":102,"column":8}}]},"7":{"line":103,"type":"if","locations":[{"start":{"line":103,"column":8},"end":{"line":103,"column":8}},{"start":{"line":103,"column":8},"end":{"line":103,"column":8}}]},"8":{"line":104,"type":"if","locations":[{"start":{"line":104,"column":8},"end":{"line":104,"column":8}},{"start":{"line":104,"column":8},"end":{"line":104,"column":8}}]},"9":{"line":105,"type":"if","locations":[{"start":{"line":105,"column":8},"end":{"line":105,"column":8}},{"start":{"line":105,"column":8},"end":{"line":105,"column":8}}]},"10":{"line":135,"type":"if","locations":[{"start":{"line":135,"column":47},"end":{"line":135,"column":47}},{"start":{"line":135,"column":47},"end":{"line":135,"column":47}}]},"11":{"line":135,"type":"if","locations":[{"start":{"line":135,"column":68},"end":{"line":135,"column":68}},{"start":{"line":135,"column":68},"end":{"line":135,"column":68}}]},"12":{"line":137,"type":"if","locations":[{"start":{"line":137,"column":8},"end":{"line":137,"column":8}},{"start":{"line":137,"column":8},"end":{"line":137,"column":8}}]},"13":{"line":138,"type":"cond-expr","locations":[{"start":{"line":138,"column":12},"end":{"line":138,"column":45}},{"start":{"line":138,"column":50},"end":{"line":138,"column":86}}]},"14":{"line":145,"type":"if","locations":[{"start":{"line":145,"column":8},"end":{"line":145,"column":8}},{"start":{"line":145,"column":8},"end":{"line":145,"column":8}}]},"15":{"line":157,"type":"if","locations":[{"start":{"line":157,"column":55},"end":{"line":157,"column":55}},{"start":{"line":157,"column":55},"end":{"line":157,"column":55}}]},"16":{"line":159,"type":"if","locations":[{"start":{"line":159,"column":8},"end":{"line":159,"column":8}},{"start":{"line":159,"column":8},"end":{"line":159,"column":8}}]},"17":{"line":160,"type":"if","locations":[{"start":{"line":160,"column":8},"end":{"line":160,"column":8}},{"start":{"line":160,"column":8},"end":{"line":160,"column":8}}]},"18":{"line":181,"type":"if","locations":[{"start":{"line":181,"column":8},"end":{"line":181,"column":8}},{"start":{"line":181,"column":8},"end":{"line":181,"column":8}}]},"19":{"line":182,"type":"if","locations":[{"start":{"line":182,"column":8},"end":{"line":182,"column":8}},{"start":{"line":182,"column":8},"end":{"line":182,"column":8}}]},"20":{"line":186,"type":"if","locations":[{"start":{"line":186,"column":8},"end":{"line":186,"column":8}},{"start":{"line":186,"column":8},"end":{"line":186,"column":8}}]},"21":{"line":187,"type":"if","locations":[{"start":{"line":187,"column":8},"end":{"line":187,"column":8}},{"start":{"line":187,"column":8},"end":{"line":187,"column":8}}]},"22":{"line":203,"type":"if","locations":[{"start":{"line":203,"column":51},"end":{"line":203,"column":51}},{"start":{"line":203,"column":51},"end":{"line":203,"column":51}}]},"23":{"line":203,"type":"if","locations":[{"start":{"line":203,"column":72},"end":{"line":203,"column":72}},{"start":{"line":203,"column":72},"end":{"line":203,"column":72}}]},"24":{"line":205,"type":"if","locations":[{"start":{"line":205,"column":8},"end":{"line":205,"column":8}},{"start":{"line":205,"column":8},"end":{"line":205,"column":8}}]},"25":{"line":206,"type":"cond-expr","locations":[{"start":{"line":206,"column":12},"end":{"line":206,"column":45}},{"start":{"line":206,"column":50},"end":{"line":206,"column":86}}]},"26":{"line":209,"type":"if","locations":[{"start":{"line":209,"column":8},"end":{"line":209,"column":8}},{"start":{"line":209,"column":8},"end":{"line":209,"column":8}}]},"27":{"line":221,"type":"if","locations":[{"start":{"line":221,"column":53},"end":{"line":221,"column":53}},{"start":{"line":221,"column":53},"end":{"line":221,"column":53}}]},"28":{"line":238,"type":"if","locations":[{"start":{"line":238,"column":8},"end":{"line":238,"column":8}},{"start":{"line":238,"column":8},"end":{"line":238,"column":8}}]},"29":{"line":250,"type":"if","locations":[{"start":{"line":250,"column":8},"end":{"line":250,"column":8}},{"start":{"line":250,"column":8},"end":{"line":250,"column":8}}]},"30":{"line":252,"type":"if","locations":[{"start":{"line":252,"column":12},"end":{"line":252,"column":12}},{"start":{"line":252,"column":12},"end":{"line":252,"column":12}}]},"31":{"line":257,"type":"if","locations":[{"start":{"line":257,"column":15},"end":{"line":257,"column":15}},{"start":{"line":257,"column":15},"end":{"line":257,"column":15}}]}}}}